<?xml version="1.0" encoding="UTF-8"?>
<!-- Generated by org.testng.reporters.JUnitReportReporter -->
<testsuite hostname="BISWAJIT2000" failures="0" tests="2" name="huuhuh.hee" time="0.049" errors="0" timestamp="2022-07-28T15:29:13 IST" skipped="0">
  <testcase classname="huuhuh.hee" name="m2" time="0.024"/>
  <system-out/>
  <testcase classname="huuhuh.hee" name="m1" time="0.025"/>
  <system-out/>
</testsuite> <!-- huuhuh.hee -->
